#
# There is insufficient memory for the Java Runtime Environment to continue.
# Native memory allocation (mmap) failed to map 65536 bytes for Failed to commit metaspace.
# Possible reasons:
#   The system is out of physical RAM or swap space
#   The process is running with CompressedOops enabled, and the Java Heap may be blocking the growth of the native heap
# Possible solutions:
#   Reduce memory load on the system
#   Increase physical memory or swap space
#   Check if swap backing store is full
#   Decrease Java heap size (-Xmx/-Xms)
#   Decrease number of Java threads
#   Decrease Java thread stack sizes (-Xss)
#   Set larger code cache with -XX:ReservedCodeCacheSize=
#   JVM is running with Unscaled Compressed Oops mode in which the Java heap is
#     placed in the first 4GB address space. The Java Heap base address is the
#     maximum limit for the native heap growth. Please use -XX:HeapBaseMinAddress
#     to set the Java Heap base and to place the Java Heap above 4GB virtual address.
# This output file may be truncated or incomplete.
#
#  Out of Memory Error (virtualSpaceNode.cpp:110), pid=1036, tid=11192
#
# JRE version: OpenJDK Runtime Environment Temurin-17.0.6+10 (17.0.6+10) (build 17.0.6+10)
# Java VM: OpenJDK 64-Bit Server VM Temurin-17.0.6+10 (17.0.6+10, mixed mode, tiered, compressed oops, compressed class ptrs, g1 gc, windows-amd64)
# No core dump will be written. Minidumps are not enabled by default on client versions of Windows
#

---------------  S U M M A R Y ------------

Command Line: -ea -Dfile.encoding=UTF-8 -XX:+ShowCodeDetailsInExceptionMessages org.testng.remote.RemoteTestNG -serport 50741 -protocol json -d C:\Users\Meghana\Desktop\Programs\Programs1\Programs1\RCMA40\Frames\test-output C:\Users\Meghana\AppData\Local\Temp\testng-eclipse--715138879\testng-customsuite.xml

Host: Intel(R) Core(TM) i3-5005U CPU @ 2.00GHz, 4 cores, 3G,  Windows 10 , 64 bit Build 19041 (10.0.19041.2913)
Time: Wed May 24 15:48:35 2023 India Standard Time elapsed time: 29.578746 seconds (0d 0h 0m 29s)

---------------  T H R E A D  ---------------

Current thread (0x0000026c56bc1f00):  JavaThread "main" [_thread_in_vm, id=11192, stack(0x0000007f6af00000,0x0000007f6b000000)]

Stack: [0x0000007f6af00000,0x0000007f6b000000]
Native frames: (J=compiled Java code, j=interpreted, Vv=VM code, C=native code)
V  [jvm.dll+0x67741a]
V  [jvm.dll+0x834434]
V  [jvm.dll+0x835bde]
V  [jvm.dll+0x836243]
V  [jvm.dll+0x2457b5]
V  [jvm.dll+0x8304cb]
V  [jvm.dll+0x61bca6]
V  [jvm.dll+0x1c05fe]
V  [jvm.dll+0x61e5f1]
V  [jvm.dll+0x61c646]
V  [jvm.dll+0x23b2a0]
V  [jvm.dll+0x1eae0d]
V  [jvm.dll+0x1e0841]
V  [jvm.dll+0x53c6d0]
V  [jvm.dll+0x7af5e8]
V  [jvm.dll+0x7af6d4]
V  [jvm.dll+0x40bc05]
V  [jvm.dll+0x411d58]
C  [java.dll+0x17ec]

Java frames: (J=compiled Java code, j=interpreted, Vv=VM code)
J 765  java.lang.ClassLoader.defineClass1(Ljava/lang/ClassLoader;Ljava/lang/String;[BIILjava/security/ProtectionDomain;Ljava/lang/String;)Ljava/lang/Class; java.base@17.0.6 (0 bytes) @ 0x0000026c61d8725b [0x0000026c61d871a0+0x00000000000000bb]
j  java.lang.System$2.defineClass(Ljava/lang/ClassLoader;Ljava/lang/String;[BLjava/security/ProtectionDomain;Ljava/lang/String;)Ljava/lang/Class;+10 java.base@17.0.6
j  java.lang.reflect.Proxy$ProxyBuilder.defineProxyClass(Ljava/lang/Module;Ljava/util/List;)Ljava/lang/Class;+398 java.base@17.0.6
j  java.lang.reflect.Proxy$ProxyBuilder.build()Ljava/lang/reflect/Constructor;+8 java.base@17.0.6
j  java.lang.reflect.Proxy.lambda$getProxyConstructor$0(Ljava/lang/ClassLoader;Ljdk/internal/loader/AbstractClassLoaderValue$Sub;)Ljava/lang/reflect/Constructor;+15 java.base@17.0.6
j  java.lang.reflect.Proxy$$Lambda$2+0x000000010000bd18.apply(Ljava/lang/Object;Ljava/lang/Object;)Ljava/lang/Object;+8 java.base@17.0.6
j  jdk.internal.loader.AbstractClassLoaderValue$Memoizer.get()Ljava/lang/Object;+75 java.base@17.0.6
j  jdk.internal.loader.AbstractClassLoaderValue.computeIfAbsent(Ljava/lang/ClassLoader;Ljava/util/function/BiFunction;)Ljava/lang/Object;+63 java.base@17.0.6
j  java.lang.reflect.Proxy.getProxyConstructor(Ljava/lang/Class;Ljava/lang/ClassLoader;[Ljava/lang/Class;)Ljava/lang/reflect/Constructor;+40 java.base@17.0.6
j  java.lang.reflect.Proxy.newProxyInstance(Ljava/lang/ClassLoader;[Ljava/lang/Class;Ljava/lang/reflect/InvocationHandler;)Ljava/lang/Object;+22 java.base@17.0.6
j  sun.reflect.annotation.AnnotationParser$1.run()Ljava/lang/annotation/Annotation;+33 java.base@17.0.6
j  sun.reflect.annotation.AnnotationParser$1.run()Ljava/lang/Object;+1 java.base@17.0.6
J 1101 c1 java.security.AccessController.doPrivileged(Ljava/security/PrivilegedAction;)Ljava/lang/Object; java.base@17.0.6 (9 bytes) @ 0x0000026c5a45b93c [0x0000026c5a45b7e0+0x000000000000015c]
j  sun.reflect.annotation.AnnotationParser.annotationForMap(Ljava/lang/Class;Ljava/util/Map;)Ljava/lang/annotation/Annotation;+9 java.base@17.0.6
j  sun.reflect.annotation.AnnotationParser.parseAnnotation2(Ljava/nio/ByteBuffer;Ljdk/internal/reflect/ConstantPool;Ljava/lang/Class;Z[Ljava/lang/Class;)Ljava/lang/annotation/Annotation;+267 java.base@17.0.6
j  sun.reflect.annotation.AnnotationParser.parseAnnotations2([BLjdk/internal/reflect/ConstantPool;Ljava/lang/Class;[Ljava/lang/Class;)Ljava/util/Map;+41 java.base@17.0.6
j  sun.reflect.annotation.AnnotationParser.parseAnnotations([BLjdk/internal/reflect/ConstantPool;Ljava/lang/Class;)Ljava/util/Map;+12 java.base@17.0.6
J 242 c1 java.lang.reflect.Field.declaredAnnotations()Ljava/util/Map; java.base@17.0.6 (82 bytes) @ 0x0000026c5a2d37c4 [0x0000026c5a2d3500+0x00000000000002c4]
J 242 c1 java.lang.reflect.Field.declaredAnnotations()Ljava/util/Map; java.base@17.0.6 (82 bytes) @ 0x0000026c5a2d3664 [0x0000026c5a2d3500+0x0000000000000164]
j  java.lang.reflect.Field.getAnnotation(Ljava/lang/Class;)Ljava/lang/annotation/Annotation;+7 java.base@17.0.6
j  org.openqa.selenium.support.pagefactory.Annotations.isLookupCached()Z+6
j  org.openqa.selenium.support.pagefactory.DefaultElementLocator.<init>(Lorg/openqa/selenium/SearchContext;Lorg/openqa/selenium/support/pagefactory/AbstractAnnotations;)V+11
j  org.openqa.selenium.support.pagefactory.DefaultElementLocator.<init>(Lorg/openqa/selenium/SearchContext;Ljava/lang/reflect/Field;)V+10
j  org.openqa.selenium.support.pagefactory.DefaultElementLocatorFactory.createLocator(Ljava/lang/reflect/Field;)Lorg/openqa/selenium/support/pagefactory/ElementLocator;+9
j  org.openqa.selenium.support.pagefactory.DefaultFieldDecorator.decorate(Ljava/lang/ClassLoader;Ljava/lang/reflect/Field;)Ljava/lang/Object;+27
j  org.openqa.selenium.support.PageFactory.proxyFields(Lorg/openqa/selenium/support/pagefactory/FieldDecorator;Ljava/lang/Object;Ljava/lang/Class;)V+40
j  org.openqa.selenium.support.PageFactory.initElements(Lorg/openqa/selenium/support/pagefactory/FieldDecorator;Ljava/lang/Object;)V+14
j  org.openqa.selenium.support.PageFactory.initElements(Lorg/openqa/selenium/support/pagefactory/ElementLocatorFactory;Ljava/lang/Object;)V+11
j  org.openqa.selenium.support.PageFactory.initElements(Lorg/openqa/selenium/WebDriver;Ljava/lang/Object;)V+11
j  pom_script.pom1.<init>(Lorg/openqa/selenium/WebDriver;)V+6
j  test_script.Testscript1.test1(Ljava/lang/String;Ljava/lang/String;)V+8
v  ~StubRoutines::call_stub
j  jdk.internal.reflect.NativeMethodAccessorImpl.invoke0(Ljava/lang/reflect/Method;Ljava/lang/Object;[Ljava/lang/Object;)Ljava/lang/Object;+0 java.base@17.0.6
j  jdk.internal.reflect.NativeMethodAccessorImpl.invoke(Ljava/lang/Object;[Ljava/lang/Object;)Ljava/lang/Object;+133 java.base@17.0.6
j  jdk.internal.reflect.DelegatingMethodAccessorImpl.invoke(Ljava/lang/Object;[Ljava/lang/Object;)Ljava/lang/Object;+6 java.base@17.0.6
j  java.lang.reflect.Method.invoke(Ljava/lang/Object;[Ljava/lang/Object;)Ljava/lang/Object;+59 java.base@17.0.6
j  org.testng.internal.MethodInvocationHelper.invokeMethod(Ljava/lang/reflect/Method;Ljava/lang/Object;[Ljava/lang/Object;)Ljava/lang/Object;+258
j  org.testng.internal.TestInvoker.invokeMethod(Lorg/testng/internal/TestMethodArguments;Lorg/testng/xml/XmlSuite;Lorg/testng/internal/ITestInvoker$FailureContext;)Lorg/testng/ITestResult;+699
j  org.testng.internal.TestInvoker.invokeTestMethod(Lorg/testng/internal/TestMethodArguments;Lorg/testng/xml/XmlSuite;Lorg/testng/internal/ITestInvoker$FailureContext;)Lorg/testng/ITestResult;+16
j  org.testng.internal.MethodRunner.runInSequence(Lorg/testng/internal/TestMethodArguments;Lorg/testng/internal/ITestInvoker;Lorg/testng/ITestContext;Ljava/util/concurrent/atomic/AtomicInteger;Lorg/testng/internal/ITestInvoker$FailureContext;Ljava/util/Iterator;Z)Ljava/util/List;+127
j  org.testng.internal.TestInvoker$MethodInvocationAgent.invoke(I)I+313
j  org.testng.internal.TestInvoker.invokeTestMethods(Lorg/testng/ITestNGMethod;Lorg/testng/internal/ConfigurationGroupMethods;Ljava/lang/Object;Lorg/testng/ITestContext;)Ljava/util/List;+389
j  org.testng.internal.TestMethodWorker.invokeTestMethods(Lorg/testng/ITestNGMethod;Ljava/lang/Object;)V+14
j  org.testng.internal.TestMethodWorker.run()V+127
j  org.testng.TestRunner$$Lambda$136+0x000000010017e008.accept(Ljava/lang/Object;)V+7
j  java.util.ArrayList.forEach(Ljava/util/function/Consumer;)V+46 java.base@17.0.6
j  org.testng.TestRunner.privateRun(Lorg/testng/xml/XmlTest;)V+380
j  org.testng.TestRunner.run()V+25
j  org.testng.SuiteRunner.runTest(Lorg/testng/TestRunner;)V+21
j  org.testng.SuiteRunner.runSequentially()V+31
j  org.testng.SuiteRunner.privateRun()V+332
j  org.testng.SuiteRunner.run()V+6
j  org.testng.SuiteRunnerWorker.runSuite(Lorg/testng/internal/SuiteRunnerMap;Lorg/testng/xml/XmlSuite;)V+87
j  org.testng.SuiteRunnerWorker.run()V+12
j  org.testng.TestNG.runSuitesSequentially(Lorg/testng/xml/XmlSuite;Lorg/testng/internal/SuiteRunnerMap;ILjava/lang/String;)V+66
j  org.testng.TestNG.runSuitesLocally()Ljava/util/List;+156
j  org.testng.TestNG.runSuites()Ljava/util/List;+1
j  org.testng.TestNG.run()V+25
j  org.testng.remote.AbstractRemoteTestNG.run()V+149
j  org.testng.remote.RemoteTestNG.initAndRun(Lorg/testng/remote/IRemoteTestNG;[Ljava/lang/String;Lorg/testng/CommandLineArgs;Lorg/testng/remote/RemoteArgs;)V+184
j  org.testng.remote.RemoteTestNG.main([Ljava/lang/String;)V+201
v  ~StubRoutines::call_stub

---------------  P R O C E S S  ---------------

Threads class SMR info:
_java_thread_list=0x0000026c70336bd0, length=19, elements={
0x0000026c56bc1f00, 0x0000026c6dc9e3e0, 0x0000026c6dc9fef0, 0x0000026c6dc856e0,
0x0000026c6dc870a0, 0x0000026c6dc87a50, 0x0000026c6dc88400, 0x0000026c6dc890e0,
0x0000026c6e81ef50, 0x0000026c6e833c00, 0x0000026c6e948d50, 0x0000026c6e947d60,
0x0000026c6ed6eff0, 0x0000026c700c2490, 0x0000026c702d9bd0, 0x0000026c6f109420,
0x0000026c6f1098f0, 0x0000026c70277e40, 0x0000026c702a0330
}

Java Threads: ( => current thread )
=>0x0000026c56bc1f00 JavaThread "main" [_thread_in_vm, id=11192, stack(0x0000007f6af00000,0x0000007f6b000000)]
  0x0000026c6dc9e3e0 JavaThread "Reference Handler" daemon [_thread_blocked, id=7188, stack(0x0000007f6b600000,0x0000007f6b700000)]
  0x0000026c6dc9fef0 JavaThread "Finalizer" daemon [_thread_blocked, id=8620, stack(0x0000007f6b700000,0x0000007f6b800000)]
  0x0000026c6dc856e0 JavaThread "Signal Dispatcher" daemon [_thread_blocked, id=11468, stack(0x0000007f6b800000,0x0000007f6b900000)]
  0x0000026c6dc870a0 JavaThread "Attach Listener" daemon [_thread_blocked, id=10588, stack(0x0000007f6b900000,0x0000007f6ba00000)]
  0x0000026c6dc87a50 JavaThread "Service Thread" daemon [_thread_blocked, id=10836, stack(0x0000007f6ba00000,0x0000007f6bb00000)]
  0x0000026c6dc88400 JavaThread "Monitor Deflation Thread" daemon [_thread_blocked, id=1316, stack(0x0000007f6bb00000,0x0000007f6bc00000)]
  0x0000026c6dc890e0 JavaThread "C2 CompilerThread0" daemon [_thread_blocked, id=8752, stack(0x0000007f6bc00000,0x0000007f6bd00000)]
  0x0000026c6e81ef50 JavaThread "C1 CompilerThread0" daemon [_thread_blocked, id=12100, stack(0x0000007f6bd00000,0x0000007f6be00000)]
  0x0000026c6e833c00 JavaThread "Sweeper thread" daemon [_thread_blocked, id=11012, stack(0x0000007f6be00000,0x0000007f6bf00000)]
  0x0000026c6e948d50 JavaThread "Notification Thread" daemon [_thread_blocked, id=5656, stack(0x0000007f6bf00000,0x0000007f6c000000)]
  0x0000026c6e947d60 JavaThread "Common-Cleaner" daemon [_thread_blocked, id=7312, stack(0x0000007f6c100000,0x0000007f6c200000)]
  0x0000026c6ed6eff0 JavaThread "ReaderThread" [_thread_in_native, id=9152, stack(0x0000007f6c300000,0x0000007f6c400000)]
  0x0000026c700c2490 JavaThread "Exec Default Executor" daemon [_thread_in_native, id=4124, stack(0x0000007f6c700000,0x0000007f6c800000)]
  0x0000026c702d9bd0 JavaThread "UrlChecker-2" daemon [_thread_blocked, id=11824, stack(0x0000007f6c800000,0x0000007f6c900000)]
  0x0000026c6f109420 JavaThread "Exec Stream Pumper" daemon [_thread_in_native, id=1212, stack(0x0000007f6c900000,0x0000007f6ca00000)]
  0x0000026c6f1098f0 JavaThread "Exec Stream Pumper" daemon [_thread_in_native, id=10280, stack(0x0000007f6ca00000,0x0000007f6cb00000)]
  0x0000026c70277e40 JavaThread "OkHttp ConnectionPool" daemon [_thread_blocked, id=8764, stack(0x0000007f6cc00000,0x0000007f6cd00000)]
  0x0000026c702a0330 JavaThread "Okio Watchdog" daemon [_thread_blocked, id=4844, stack(0x0000007f6cd00000,0x0000007f6ce00000)]

Other Threads:
  0x0000026c56c7a980 VMThread "VM Thread" [stack: 0x0000007f6b500000,0x0000007f6b600000] [id=12236] _threads_hazard_ptr=0x0000026c70336bd0
  0x0000026c6e94d640 WatcherThread [stack: 0x0000007f6c000000,0x0000007f6c100000] [id=9072]
  0x0000026c56bfee70 GCTaskThread "GC Thread#0" [stack: 0x0000007f6b000000,0x0000007f6b100000] [id=11360]
  0x0000026c6ef419d0 GCTaskThread "GC Thread#1" [stack: 0x0000007f6c400000,0x0000007f6c500000] [id=2468]
  0x0000026c6efb0800 GCTaskThread "GC Thread#2" [stack: 0x0000007f6c500000,0x0000007f6c600000] [id=10496]
  0x0000026c6efb0ab0 GCTaskThread "GC Thread#3" [stack: 0x0000007f6c600000,0x0000007f6c700000] [id=10900]
  0x0000026c56c07af0 ConcurrentGCThread "G1 Main Marker" [stack: 0x0000007f6b100000,0x0000007f6b200000] [id=1476]
  0x0000026c56c08500 ConcurrentGCThread "G1 Conc#0" [stack: 0x0000007f6b200000,0x0000007f6b300000] [id=12116]
  0x0000026c56c56120 ConcurrentGCThread "G1 Refine#0" [stack: 0x0000007f6b300000,0x0000007f6b400000] [id=11336]
  0x0000026c56c572e0 ConcurrentGCThread "G1 Service" [stack: 0x0000007f6b400000,0x0000007f6b500000] [id=9080]

Threads with active compile tasks:

VM state: synchronizing (normal execution)

VM Mutex/Monitor currently owned by a thread:  ([mutex/lock_event])
[0x0000026c56bbb2d0] Metaspace_lock - owner thread: 0x0000026c56bc1f00
[0x0000026c56bbdf40] Threads_lock - owner thread: 0x0000026c56c7a980

Heap address: 0x00000000c1600000, size: 1002 MB, Compressed Oops mode: 32-bit

CDS archive(s) not mapped
Compressed class space mapped at: 0x0000000100000000-0x0000000140000000, reserved size: 1073741824
Narrow klass base: 0x0000000000000000, Narrow klass shift: 3, Narrow klass range: 0x140000000

GC Precious Log:
 CPUs: 4 total, 4 available
 Memory: 4007M
 Large Page Support: Disabled
 NUMA Support: Disabled
 Compressed Oops: Enabled (32-bit)
 Heap Region Size: 1M
 Heap Min Capacity: 8M
 Heap Initial Capacity: 64M
 Heap Max Capacity: 1002M
 Pre-touch: Disabled
 Parallel Workers: 4
 Concurrent Workers: 1
 Concurrent Refinement Workers: 4
 Periodic GC: Disabled

Heap:
 garbage-first heap   total 48128K, used 20124K [0x00000000c1600000, 0x0000000100000000)
  region size 1024K, 12 young (12288K), 3 survivors (3072K)
 Metaspace       used 23353K, committed 23552K, reserved 1073152K
  class space    used 2569K, committed 2688K, reserved 1048576K

Heap Regions: E=young(eden), S=young(survivor), O=old, HS=humongous(starts), HC=humongous(continues), CS=collection set, F=free, OA=open archive, CA=closed archive, TAMS=top-at-mark-start (previous, next)
|   0|0x00000000c1600000, 0x00000000c1700000, 0x00000000c1700000|100%|HS|  |TAMS 0x00000000c1700000, 0x00000000c1600000| Complete 
|   1|0x00000000c1700000, 0x00000000c1800000, 0x00000000c1800000|100%| O|  |TAMS 0x00000000c1800000, 0x00000000c1700000| Untracked 
|   2|0x00000000c1800000, 0x00000000c1900000, 0x00000000c1900000|100%|HS|  |TAMS 0x00000000c1900000, 0x00000000c1800000| Complete 
|   3|0x00000000c1900000, 0x00000000c1a00000, 0x00000000c1a00000|100%|HS|  |TAMS 0x00000000c1a00000, 0x00000000c1900000| Complete 
|   4|0x00000000c1a00000, 0x00000000c1b00000, 0x00000000c1b00000|100%|HC|  |TAMS 0x00000000c1b00000, 0x00000000c1a00000| Complete 
|   5|0x00000000c1b00000, 0x00000000c1c00000, 0x00000000c1c00000|100%| O|  |TAMS 0x00000000c1c00000, 0x00000000c1b00000| Untracked 
|   6|0x00000000c1c00000, 0x00000000c1d00000, 0x00000000c1d00000|100%| O|  |TAMS 0x00000000c1d00000, 0x00000000c1c00000| Untracked 
|   7|0x00000000c1d00000, 0x00000000c1e00000, 0x00000000c1e00000|100%| O|  |TAMS 0x00000000c1e00000, 0x00000000c1d00000| Untracked 
|   8|0x00000000c1e00000, 0x00000000c1f00000, 0x00000000c1f00000|100%| O|  |TAMS 0x00000000c1f00000, 0x00000000c1e00000| Untracked 
|   9|0x00000000c1f00000, 0x00000000c1fa7200, 0x00000000c2000000| 65%| O|  |TAMS 0x00000000c1f55a00, 0x00000000c1f00000| Untracked 
|  10|0x00000000c2000000, 0x00000000c2000000, 0x00000000c2100000|  0%| F|  |TAMS 0x00000000c2000000, 0x00000000c2000000| Untracked 
|  11|0x00000000c2100000, 0x00000000c2100000, 0x00000000c2200000|  0%| F|  |TAMS 0x00000000c2100000, 0x00000000c2100000| Untracked 
|  12|0x00000000c2200000, 0x00000000c2200000, 0x00000000c2300000|  0%| F|  |TAMS 0x00000000c2200000, 0x00000000c2200000| Untracked 
|  13|0x00000000c2300000, 0x00000000c2300000, 0x00000000c2400000|  0%| F|  |TAMS 0x00000000c2300000, 0x00000000c2300000| Untracked 
|  14|0x00000000c2400000, 0x00000000c2400000, 0x00000000c2500000|  0%| F|  |TAMS 0x00000000c2400000, 0x00000000c2400000| Untracked 
|  15|0x00000000c2500000, 0x00000000c2500000, 0x00000000c2600000|  0%| F|  |TAMS 0x00000000c2500000, 0x00000000c2500000| Untracked 
|  16|0x00000000c2600000, 0x00000000c2600000, 0x00000000c2700000|  0%| F|  |TAMS 0x00000000c2600000, 0x00000000c2600000| Untracked 
|  17|0x00000000c2700000, 0x00000000c2700000, 0x00000000c2800000|  0%| F|  |TAMS 0x00000000c2700000, 0x00000000c2700000| Untracked 
|  18|0x00000000c2800000, 0x00000000c2800000, 0x00000000c2900000|  0%| F|  |TAMS 0x00000000c2800000, 0x00000000c2800000| Untracked 
|  19|0x00000000c2900000, 0x00000000c2900000, 0x00000000c2a00000|  0%| F|  |TAMS 0x00000000c2900000, 0x00000000c2900000| Untracked 
|  20|0x00000000c2a00000, 0x00000000c2a00000, 0x00000000c2b00000|  0%| F|  |TAMS 0x00000000c2a00000, 0x00000000c2a00000| Untracked 
|  21|0x00000000c2b00000, 0x00000000c2b00000, 0x00000000c2c00000|  0%| F|  |TAMS 0x00000000c2b00000, 0x00000000c2b00000| Untracked 
|  22|0x00000000c2c00000, 0x00000000c2c00000, 0x00000000c2d00000|  0%| F|  |TAMS 0x00000000c2c00000, 0x00000000c2c00000| Untracked 
|  23|0x00000000c2d00000, 0x00000000c2d00000, 0x00000000c2e00000|  0%| F|  |TAMS 0x00000000c2d00000, 0x00000000c2d00000| Untracked 
|  24|0x00000000c2e00000, 0x00000000c2e00000, 0x00000000c2f00000|  0%| F|  |TAMS 0x00000000c2e00000, 0x00000000c2e00000| Untracked 
|  25|0x00000000c2f00000, 0x00000000c2f00000, 0x00000000c3000000|  0%| F|  |TAMS 0x00000000c2f00000, 0x00000000c2f00000| Untracked 
|  26|0x00000000c3000000, 0x00000000c3000000, 0x00000000c3100000|  0%| F|  |TAMS 0x00000000c3000000, 0x00000000c3000000| Untracked 
|  27|0x00000000c3100000, 0x00000000c3100000, 0x00000000c3200000|  0%| F|  |TAMS 0x00000000c3100000, 0x00000000c3100000| Untracked 
|  28|0x00000000c3200000, 0x00000000c3200000, 0x00000000c3300000|  0%| F|  |TAMS 0x00000000c3200000, 0x00000000c3200000| Untracked 
|  29|0x00000000c3300000, 0x00000000c3300000, 0x00000000c3400000|  0%| F|  |TAMS 0x00000000c3300000, 0x00000000c3300000| Untracked 
|  30|0x00000000c3400000, 0x00000000c3400000, 0x00000000c3500000|  0%| F|  |TAMS 0x00000000c3400000, 0x00000000c3400000| Untracked 
|  31|0x00000000c3500000, 0x00000000c3500000, 0x00000000c3600000|  0%| F|  |TAMS 0x00000000c3500000, 0x00000000c3500000| Untracked 
|  32|0x00000000c3600000, 0x00000000c3600000, 0x00000000c3700000|  0%| F|  |TAMS 0x00000000c3600000, 0x00000000c3600000| Untracked 
|  33|0x00000000c3700000, 0x00000000c3700000, 0x00000000c3800000|  0%| F|  |TAMS 0x00000000c3700000, 0x00000000c3700000| Untracked 
|  34|0x00000000c3800000, 0x00000000c3800000, 0x00000000c3900000|  0%| F|  |TAMS 0x00000000c3800000, 0x00000000c3800000| Untracked 
|  35|0x00000000c3900000, 0x00000000c3a00000, 0x00000000c3a00000|100%| E|  |TAMS 0x00000000c3900000, 0x00000000c3900000| Complete 
|  36|0x00000000c3a00000, 0x00000000c3b00000, 0x00000000c3b00000|100%| E|CS|TAMS 0x00000000c3a00000, 0x00000000c3a00000| Complete 
|  37|0x00000000c3b00000, 0x00000000c3c00000, 0x00000000c3c00000|100%| E|CS|TAMS 0x00000000c3b00000, 0x00000000c3b00000| Complete 
|  38|0x00000000c3c00000, 0x00000000c3d00000, 0x00000000c3d00000|100%| E|CS|TAMS 0x00000000c3c00000, 0x00000000c3c00000| Complete 
|  39|0x00000000c3d00000, 0x00000000c3e00000, 0x00000000c3e00000|100%| E|CS|TAMS 0x00000000c3d00000, 0x00000000c3d00000| Complete 
|  40|0x00000000c3e00000, 0x00000000c3f00000, 0x00000000c3f00000|100%| E|  |TAMS 0x00000000c3e00000, 0x00000000c3e00000| Complete 
|  41|0x00000000c3f00000, 0x00000000c4000000, 0x00000000c4000000|100%| E|CS|TAMS 0x00000000c3f00000, 0x00000000c3f00000| Complete 
|  42|0x00000000c4000000, 0x00000000c4100000, 0x00000000c4100000|100%| E|CS|TAMS 0x00000000c4000000, 0x00000000c4000000| Complete 
|  45|0x00000000c4300000, 0x00000000c4400000, 0x00000000c4400000|100%| S|CS|TAMS 0x00000000c4300000, 0x00000000c4300000| Complete 
|  46|0x00000000c4400000, 0x00000000c4500000, 0x00000000c4500000|100%| S|CS|TAMS 0x00000000c4400000, 0x00000000c4400000| Complete 
|  47|0x00000000c4500000, 0x00000000c4600000, 0x00000000c4600000|100%| S|CS|TAMS 0x00000000c4500000, 0x00000000c4500000| Complete 
|  63|0x00000000c5500000, 0x00000000c5600000, 0x00000000c5600000|100%| E|CS|TAMS 0x00000000c5500000, 0x00000000c5500000| Complete 

Card table byte_map: [0x0000026c69480000,0x0000026c69680000] _byte_map_base: 0x0000026c68e75000

Marking Bits (Prev, Next): (CMBitMap*) 0x0000026c56bff4c0, (CMBitMap*) 0x0000026c56bff480
 Prev Bits: [0x0000026c6a830000, 0x0000026c6b7d8000)
 Next Bits: [0x0000026c69880000, 0x0000026c6a828000)

Polling page: 0x0000026c54ba0000

Metaspace:

Usage:
  Non-class:     20.30 MB used.
      Class:      2.51 MB used.
       Both:     22.81 MB used.

Virtual space:
  Non-class space:       24.00 MB reserved,      20.38 MB ( 85%) committed,  3 nodes.
      Class space:        1.00 GB reserved,       2.62 MB ( <1%) committed,  1 nodes.
             Both:        1.02 GB reserved,      23.00 MB (  2%) committed. 

Chunk freelists:
   Non-Class:  3.05 MB
       Class:  1.30 MB
        Both:  4.34 MB

MaxMetaspaceSize: unlimited
CompressedClassSpaceSize: 1.00 GB
Initial GC threshold: 21.00 MB
Current GC threshold: 35.12 MB
CDS: off
MetaspaceReclaimPolicy: balanced
 - commit_granule_bytes: 65536.
 - commit_granule_words: 8192.
 - virtual_space_node_default_size: 1048576.
 - enlarge_chunks_in_place: 1.
 - new_chunks_are_fully_committed: 0.
 - uncommit_free_chunks: 1.
 - use_allocation_guard: 0.
 - handle_deallocations: 1.


Internal statistics:

num_allocs_failed_limit: 3.
num_arena_births: 182.
num_arena_deaths: 0.
num_vsnodes_births: 4.
num_vsnodes_deaths: 0.
num_space_committed: 368.
num_space_uncommitted: 0.
num_chunks_returned_to_freelist: 3.
num_chunks_taken_from_freelist: 588.
num_chunk_merges: 3.
num_chunk_splits: 347.
num_chunks_enlarged: 229.
num_purges: 0.
num_inconsistent_stats: 0.

CodeHeap 'non-profiled nmethods': size=120000Kb used=600Kb max_used=600Kb free=119400Kb
 bounds [0x0000026c61d50000, 0x0000026c61fc0000, 0x0000026c69280000]
CodeHeap 'profiled nmethods': size=120000Kb used=3407Kb max_used=3407Kb free=116592Kb
 bounds [0x0000026c5a280000, 0x0000026c5a5e0000, 0x0000026c617b0000]
CodeHeap 'non-nmethods': size=5760Kb used=1221Kb max_used=1240Kb free=4538Kb
 bounds [0x0000026c617b0000, 0x0000026c61a20000, 0x0000026c61d50000]
 total_blobs=2379 nmethods=1849 adapters=443
 compilation: enabled
              stopped_count=0, restarted_count=0
 full_count=0

Compilation events (20 events):
Event: 28.947 Thread 0x0000026c6e81ef50 nmethod 1837 0x0000026c5a5cfc10 code [0x0000026c5a5cfdc0, 0x0000026c5a5cff98]
Event: 28.948 Thread 0x0000026c6dc890e0 nmethod 1839 0x0000026c61de4690 code [0x0000026c61de4800, 0x0000026c61de48d8]
Event: 28.949 Thread 0x0000026c6e81ef50 1841       3       java.lang.StringBuilder::append (6 bytes)
Event: 28.949 Thread 0x0000026c6e81ef50 nmethod 1841 0x0000026c5a5d0090 code [0x0000026c5a5d0240, 0x0000026c5a5d03e8]
Event: 28.949 Thread 0x0000026c6e81ef50 1842       1       org.testng.shaded.com.google.gson.reflect.TypeToken::hashCode (5 bytes)
Event: 28.949 Thread 0x0000026c6e81ef50 nmethod 1842 0x0000026c61de4a10 code [0x0000026c61de4ba0, 0x0000026c61de4c78]
Event: 28.950 Thread 0x0000026c6e81ef50 1843       3       java.io.BufferedWriter::ensureOpen (18 bytes)
Event: 28.950 Thread 0x0000026c6e81ef50 nmethod 1843 0x0000026c5a5d0490 code [0x0000026c5a5d0640, 0x0000026c5a5d0848]
Event: 28.953 Thread 0x0000026c6dc890e0 1844       4       java.lang.String::regionMatches (150 bytes)
Event: 28.970 Thread 0x0000026c6e81ef50 1845       3       jdk.internal.org.objectweb.asm.Frame::getConcreteOutputType (111 bytes)
Event: 28.971 Thread 0x0000026c6e81ef50 nmethod 1845 0x0000026c5a5d0910 code [0x0000026c5a5d0ac0, 0x0000026c5a5d0e98]
Event: 28.971 Thread 0x0000026c6e81ef50 1846       3       jdk.internal.org.objectweb.asm.MethodWriter::putAbstractTypes (31 bytes)
Event: 28.971 Thread 0x0000026c6e81ef50 nmethod 1846 0x0000026c5a5d1010 code [0x0000026c5a5d11c0, 0x0000026c5a5d1408]
Event: 28.971 Thread 0x0000026c6e81ef50 1848       3       jdk.internal.org.objectweb.asm.SymbolTable::addConstantString (8 bytes)
Event: 28.971 Thread 0x0000026c6e81ef50 nmethod 1848 0x0000026c5a5d1590 code [0x0000026c5a5d1720, 0x0000026c5a5d1868]
Event: 28.971 Thread 0x0000026c6e81ef50 1847       3       jdk.internal.org.objectweb.asm.Frame::putAbstractType (379 bytes)
Event: 28.975 Thread 0x0000026c6e81ef50 nmethod 1847 0x0000026c5a5d1910 code [0x0000026c5a5d1d40, 0x0000026c5a5d3458]
Event: 28.979 Thread 0x0000026c6dc890e0 nmethod 1844 0x0000026c61de4d10 code [0x0000026c61de4ee0, 0x0000026c61de5738]
Event: 29.082 Thread 0x0000026c6e81ef50 1849       1       java.util.concurrent.locks.AbstractQueuedSynchronizer::setState (6 bytes)
Event: 29.083 Thread 0x0000026c6e81ef50 nmethod 1849 0x0000026c61de5d10 code [0x0000026c61de5ea0, 0x0000026c61de5f78]

GC Heap History (6 events):
Event: 1.540 GC heap before
{Heap before GC invocations=0 (full 0):
 garbage-first heap   total 65536K, used 17408K [0x00000000c1600000, 0x0000000100000000)
  region size 1024K, 13 young (13312K), 0 survivors (0K)
 Metaspace       used 12176K, committed 12352K, reserved 1064960K
  class space    used 1151K, committed 1280K, reserved 1048576K
}
Event: 1.550 GC heap after
{Heap after GC invocations=1 (full 0):
 garbage-first heap   total 65536K, used 9597K [0x00000000c1600000, 0x0000000100000000)
  region size 1024K, 2 young (2048K), 2 survivors (2048K)
 Metaspace       used 12176K, committed 12352K, reserved 1064960K
  class space    used 1151K, committed 1280K, reserved 1048576K
}
Event: 2.362 GC heap before
{Heap before GC invocations=1 (full 0):
 garbage-first heap   total 65536K, used 19837K [0x00000000c1600000, 0x0000000100000000)
  region size 1024K, 12 young (12288K), 2 survivors (2048K)
 Metaspace       used 16732K, committed 16896K, reserved 1064960K
  class space    used 1736K, committed 1792K, reserved 1048576K
}
Event: 2.370 GC heap after
{Heap after GC invocations=2 (full 0):
 garbage-first heap   total 65536K, used 10725K [0x00000000c1600000, 0x0000000100000000)
  region size 1024K, 2 young (2048K), 2 survivors (2048K)
 Metaspace       used 16732K, committed 16896K, reserved 1064960K
  class space    used 1736K, committed 1792K, reserved 1048576K
}
Event: 4.097 GC heap before
{Heap before GC invocations=2 (full 0):
 garbage-first heap   total 65536K, used 23013K [0x00000000c1600000, 0x0000000100000000)
  region size 1024K, 16 young (16384K), 2 survivors (2048K)
 Metaspace       used 21261K, committed 21504K, reserved 1073152K
  class space    used 2263K, committed 2368K, reserved 1048576K
}
Event: 4.105 GC heap after
{Heap after GC invocations=3 (full 0):
 garbage-first heap   total 65536K, used 12956K [0x00000000c1600000, 0x0000000100000000)
  region size 1024K, 3 young (3072K), 3 survivors (3072K)
 Metaspace       used 21261K, committed 21504K, reserved 1073152K
  class space    used 2263K, committed 2368K, reserved 1048576K
}

Dll operation events (7 events):
Event: 0.020 Loaded shared library C:\Users\Meghana\.p2\pool\plugins\org.eclipse.justj.openjdk.hotspot.jre.full.win32.x86_64_17.0.6.v20230204-1729\jre\bin\java.dll
Event: 0.416 Loaded shared library C:\Users\Meghana\.p2\pool\plugins\org.eclipse.justj.openjdk.hotspot.jre.full.win32.x86_64_17.0.6.v20230204-1729\jre\bin\net.dll
Event: 0.421 Loaded shared library C:\Users\Meghana\.p2\pool\plugins\org.eclipse.justj.openjdk.hotspot.jre.full.win32.x86_64_17.0.6.v20230204-1729\jre\bin\nio.dll
Event: 0.435 Loaded shared library C:\Users\Meghana\.p2\pool\plugins\org.eclipse.justj.openjdk.hotspot.jre.full.win32.x86_64_17.0.6.v20230204-1729\jre\bin\zip.dll
Event: 0.663 Loaded shared library C:\Users\Meghana\.p2\pool\plugins\org.eclipse.justj.openjdk.hotspot.jre.full.win32.x86_64_17.0.6.v20230204-1729\jre\bin\jimage.dll
Event: 2.399 Loaded shared library C:\Users\Meghana\.p2\pool\plugins\org.eclipse.justj.openjdk.hotspot.jre.full.win32.x86_64_17.0.6.v20230204-1729\jre\bin\sunmscapi.dll
Event: 2.918 Loaded shared library C:\Users\Meghana\.p2\pool\plugins\org.eclipse.justj.openjdk.hotspot.jre.full.win32.x86_64_17.0.6.v20230204-1729\jre\bin\verify.dll

Deoptimization events (20 events):
Event: 15.290 Thread 0x0000026c56bc1f00 Uncommon trap: trap_request=0xffffffde fr.pc=0x0000026c61dce954 relative=0x0000000000000574
Event: 15.290 Thread 0x0000026c56bc1f00 Uncommon trap: reason=class_check action=maybe_recompile pc=0x0000026c61dce954 method=org.openqa.selenium.json.Input.init()V @ 18 c2
Event: 15.290 Thread 0x0000026c56bc1f00 DEOPT PACKING pc=0x0000026c61dce954 sp=0x0000007f6affcdd0
Event: 15.290 Thread 0x0000026c56bc1f00 DEOPT UNPACKING pc=0x0000026c618069a3 sp=0x0000007f6affcdb8 mode 2
Event: 15.290 Thread 0x0000026c56bc1f00 Uncommon trap: trap_request=0xffffffde fr.pc=0x0000026c61dce954 relative=0x0000000000000574
Event: 15.290 Thread 0x0000026c56bc1f00 Uncommon trap: reason=class_check action=maybe_recompile pc=0x0000026c61dce954 method=org.openqa.selenium.json.Input.init()V @ 18 c2
Event: 15.290 Thread 0x0000026c56bc1f00 DEOPT PACKING pc=0x0000026c61dce954 sp=0x0000007f6affc970
Event: 15.290 Thread 0x0000026c56bc1f00 DEOPT UNPACKING pc=0x0000026c618069a3 sp=0x0000007f6affc958 mode 2
Event: 15.290 Thread 0x0000026c56bc1f00 Uncommon trap: trap_request=0xffffffde fr.pc=0x0000026c61dce954 relative=0x0000000000000574
Event: 15.290 Thread 0x0000026c56bc1f00 Uncommon trap: reason=class_check action=maybe_recompile pc=0x0000026c61dce954 method=org.openqa.selenium.json.Input.init()V @ 18 c2
Event: 15.290 Thread 0x0000026c56bc1f00 DEOPT PACKING pc=0x0000026c61dce954 sp=0x0000007f6affc3a0
Event: 15.290 Thread 0x0000026c56bc1f00 DEOPT UNPACKING pc=0x0000026c618069a3 sp=0x0000007f6affc388 mode 2
Event: 15.290 Thread 0x0000026c56bc1f00 Uncommon trap: trap_request=0xffffffde fr.pc=0x0000026c61dce954 relative=0x0000000000000574
Event: 15.290 Thread 0x0000026c56bc1f00 Uncommon trap: reason=class_check action=maybe_recompile pc=0x0000026c61dce954 method=org.openqa.selenium.json.Input.init()V @ 18 c2
Event: 15.290 Thread 0x0000026c56bc1f00 DEOPT PACKING pc=0x0000026c61dce954 sp=0x0000007f6affc3a0
Event: 15.290 Thread 0x0000026c56bc1f00 DEOPT UNPACKING pc=0x0000026c618069a3 sp=0x0000007f6affc388 mode 2
Event: 16.994 Thread 0x0000026c56bc1f00 Uncommon trap: trap_request=0xffffff45 fr.pc=0x0000026c61da6d48 relative=0x0000000000000f28
Event: 16.994 Thread 0x0000026c56bc1f00 Uncommon trap: reason=unstable_if action=reinterpret pc=0x0000026c61da6d48 method=java.util.concurrent.ConcurrentHashMap.putVal(Ljava/lang/Object;Ljava/lang/Object;Z)Ljava/lang/Object; @ 256 c2
Event: 16.994 Thread 0x0000026c56bc1f00 DEOPT PACKING pc=0x0000026c61da6d48 sp=0x0000007f6affc9f0
Event: 16.994 Thread 0x0000026c56bc1f00 DEOPT UNPACKING pc=0x0000026c618069a3 sp=0x0000007f6affc968 mode 2

Classes unloaded (0 events):
No events

Classes redefined (0 events):
No events

Internal exceptions (20 events):
Event: 3.049 Thread 0x0000026c702d9bd0 Exception <a 'java/net/ConnectException'{0x00000000c4cf8920}: Connection refused: no further information> (0x00000000c4cf8920) 
thrown [s\src\hotspot\share\prims\jni.cpp, line 535]
Event: 3.049 Thread 0x0000026c702d9bd0 Exception <a 'java/net/SocketException'{0x00000000c4cf8c58}: Socket is not connected: shutdown> (0x00000000c4cf8c58) 
thrown [s\src\hotspot\share\prims\jni.cpp, line 535]
Event: 3.141 Thread 0x0000026c702d9bd0 Exception <a 'java/net/ConnectException'{0x00000000c4cf9bf0}: Connection refused: no further information> (0x00000000c4cf9bf0) 
thrown [s\src\hotspot\share\prims\jni.cpp, line 535]
Event: 3.141 Thread 0x0000026c702d9bd0 Exception <a 'java/net/SocketException'{0x00000000c4cf9f28}: Socket is not connected: shutdown> (0x00000000c4cf9f28) 
thrown [s\src\hotspot\share\prims\jni.cpp, line 535]
Event: 3.313 Thread 0x0000026c702d9bd0 Exception <a 'java/net/ConnectException'{0x00000000c4cfaec0}: Connection refused: no further information> (0x00000000c4cfaec0) 
thrown [s\src\hotspot\share\prims\jni.cpp, line 535]
Event: 3.313 Thread 0x0000026c702d9bd0 Exception <a 'java/net/SocketException'{0x00000000c4cfb1f8}: Socket is not connected: shutdown> (0x00000000c4cfb1f8) 
thrown [s\src\hotspot\share\prims\jni.cpp, line 535]
Event: 3.672 Thread 0x0000026c56bc1f00 Exception <a 'java/lang/NoSuchMethodError'{0x00000000c49af6c8}: 'java.lang.Object java.lang.invoke.DirectMethodHandle$Holder.invokeInterface(java.lang.Object, java.lang.Object, java.lang.Object)'> (0x00000000c49af6c8) 
thrown [s\src\hotspot\share\interpreter\linkResolver.cpp, line 759]
Event: 3.672 Thread 0x0000026c56bc1f00 Exception <a 'java/lang/IncompatibleClassChangeError'{0x00000000c49b3230}: Found class java.lang.Object, but interface was expected> (0x00000000c49b3230) 
thrown [s\src\hotspot\share\interpreter\linkResolver.cpp, line 826]
Event: 3.674 Thread 0x0000026c56bc1f00 Exception <a 'java/lang/NoSuchMethodError'{0x00000000c49bb990}: 'int java.lang.invoke.DirectMethodHandle$Holder.invokeSpecialIFC(java.lang.Object, java.lang.Object, java.lang.Object, java.lang.Object)'> (0x00000000c49bb990) 
thrown [s\src\hotspot\share\interpreter\linkResolver.cpp, line 759]
Event: 3.676 Thread 0x0000026c56bc1f00 Exception <a 'java/lang/NoSuchMethodError'{0x00000000c49c3f18}: 'java.lang.Object java.lang.invoke.DirectMethodHandle$Holder.invokeInterface(java.lang.Object, java.lang.Object, java.lang.Object, java.lang.Object)'> (0x00000000c49c3f18) 
thrown [s\src\hotspot\share\interpreter\linkResolver.cpp, line 759]
Event: 3.683 Thread 0x0000026c56bc1f00 Exception <a 'java/lang/NoSuchMethodError'{0x00000000c49e9638}: 'java.lang.Object java.lang.invoke.DirectMethodHandle$Holder.invokeVirtual(java.lang.Object, java.lang.Object, java.lang.Object)'> (0x00000000c49e9638) 
thrown [s\src\hotspot\share\interpreter\linkResolver.cpp, line 759]
Event: 3.702 Thread 0x0000026c56bc1f00 Exception <a 'java/lang/NoSuchMethodError'{0x00000000c4859610}: 'void java.lang.invoke.DirectMethodHandle$Holder.invokeInterface(java.lang.Object, java.lang.Object, java.lang.Object)'> (0x00000000c4859610) 
thrown [s\src\hotspot\share\interpreter\linkResolver.cpp, line 759]
Event: 3.722 Thread 0x0000026c56bc1f00 Exception <a 'java/lang/NoSuchMethodError'{0x00000000c48b1288}: 'double java.lang.invoke.DirectMethodHandle$Holder.invokeVirtual(java.lang.Object, java.lang.Object)'> (0x00000000c48b1288) 
thrown [s\src\hotspot\share\interpreter\linkResolver.cpp, line 759]
Event: 3.724 Thread 0x0000026c56bc1f00 Exception <a 'java/lang/NoSuchMethodError'{0x00000000c48b7a08}: 'float java.lang.invoke.DirectMethodHandle$Holder.invokeVirtual(java.lang.Object, java.lang.Object)'> (0x00000000c48b7a08) 
thrown [s\src\hotspot\share\interpreter\linkResolver.cpp, line 759]
Event: 3.727 Thread 0x0000026c56bc1f00 Exception <a 'java/lang/NoSuchMethodError'{0x00000000c48c09c8}: 'long java.lang.invoke.DirectMethodHandle$Holder.invokeVirtual(java.lang.Object, java.lang.Object)'> (0x00000000c48c09c8) 
thrown [s\src\hotspot\share\interpreter\linkResolver.cpp, line 759]
Event: 3.870 Thread 0x0000026c56bc1f00 Exception <a 'java/lang/NoSuchMethodError'{0x00000000c47fe3c8}: 'void java.lang.invoke.DirectMethodHandle$Holder.invokeSpecial(java.lang.Object, java.lang.Object, java.lang.Object, java.lang.Object, java.lang.Object)'> (0x00000000c47fe3c8) 
thrown [s\src\hotspot\share\interpreter\linkResolver.cpp, line 759]
Event: 4.072 Thread 0x0000026c56bc1f00 Exception <a 'java/lang/NoSuchMethodError'{0x00000000c46b6138}: 'java.lang.Object java.lang.invoke.DirectMethodHandle$Holder.newInvokeSpecial(java.lang.Object, java.lang.Object, java.lang.Object, java.lang.Object, java.lang.Object)'> (0x00000000c46b6138) 
thrown [s\src\hotspot\share\interpreter\linkResolver.cpp, line 759]
Event: 15.709 Thread 0x0000026c56bc1f00 Exception <a 'java/lang/NoSuchMethodError'{0x00000000c3b64dd0}: 'java.lang.Object java.lang.invoke.DirectMethodHandle$Holder.invokeSpecialIFC(java.lang.Object, java.lang.Object, java.lang.Object)'> (0x00000000c3b64dd0) 
thrown [s\src\hotspot\share\interpreter\linkResolver.cpp, line 759]
Event: 17.148 Thread 0x0000026c56bc1f00 Exception <a 'java/lang/NoSuchMethodError'{0x00000000c3a043b8}: 'void java.lang.invoke.DirectMethodHandle$Holder.invokeSpecial(java.lang.Object, java.lang.Object, java.lang.Object)'> (0x00000000c3a043b8) 
thrown [s\src\hotspot\share\interpreter\linkResolver.cpp, line 759]
Event: 17.162 Thread 0x0000026c56bc1f00 Exception <a 'java/lang/ClassNotFoundException'{0x00000000c3a28210}: sun/util/logging/resources/spi/loggingProvider> (0x00000000c3a28210) 
thrown [s\src\hotspot\share\classfile\systemDictionary.cpp, line 256]

VM Operations (20 events):
Event: 4.124 Executing VM operation: G1Concurrent
Event: 4.124 Executing VM operation: G1Concurrent done
Event: 4.297 Executing VM operation: HandshakeAllThreads
Event: 4.298 Executing VM operation: HandshakeAllThreads done
Event: 5.303 Executing VM operation: Cleanup
Event: 5.303 Executing VM operation: Cleanup done
Event: 9.330 Executing VM operation: Cleanup
Event: 9.330 Executing VM operation: Cleanup done
Event: 15.382 Executing VM operation: Cleanup
Event: 15.537 Executing VM operation: Cleanup done
Event: 16.545 Executing VM operation: Cleanup
Event: 16.545 Executing VM operation: Cleanup done
Event: 16.773 Executing VM operation: HandshakeAllThreads
Event: 16.773 Executing VM operation: HandshakeAllThreads done
Event: 17.776 Executing VM operation: Cleanup
Event: 17.776 Executing VM operation: Cleanup done
Event: 18.786 Executing VM operation: Cleanup
Event: 18.786 Executing VM operation: Cleanup done
Event: 19.797 Executing VM operation: Cleanup
Event: 19.798 Executing VM operation: Cleanup done

Events (20 events):
Event: 17.164 loading class sun/util/logging/resources/logging_en_IN
Event: 17.164 loading class sun/util/logging/resources/logging_en_IN done
Event: 17.164 loading class java/util/Formatter$DateTime
Event: 17.164 loading class java/util/Formatter$DateTime done
Event: 17.165 loading class java/time/ZonedDateTime$1
Event: 17.165 loading class java/time/ZonedDateTime$1 done
Event: 17.165 loading class java/time/LocalDate$1
Event: 17.165 loading class java/time/LocalDate$1 done
Event: 17.165 loading class java/text/DateFormatSymbols
Event: 17.342 loading class java/text/DateFormatSymbols done
Event: 17.342 loading class java/text/spi/DateFormatSymbolsProvider
Event: 17.342 loading class java/text/spi/DateFormatSymbolsProvider done
Event: 17.342 loading class sun/util/locale/provider/DateFormatSymbolsProviderImpl
Event: 17.342 loading class sun/util/locale/provider/DateFormatSymbolsProviderImpl done
Event: 17.343 loading class java/time/LocalTime$1
Event: 17.343 loading class java/time/LocalTime$1 done
Event: 19.385 loading class java/util/concurrent/TimeUnit$1
Event: 19.385 loading class java/util/concurrent/TimeUnit$1 done
Event: 28.950 loading class jdk/internal/reflect/UnsafeLongFieldAccessorImpl
Event: 28.950 loading class jdk/internal/reflect/UnsafeLongFieldAccessorImpl done


Dynamic libraries:
0x00007ff7cfd80000 - 0x00007ff7cfd8e000 	C:\Users\Meghana\.p2\pool\plugins\org.eclipse.justj.openjdk.hotspot.jre.full.win32.x86_64_17.0.6.v20230204-1729\jre\bin\javaw.exe
0x00007ffd816d0000 - 0x00007ffd818c8000 	C:\Windows\SYSTEM32\ntdll.dll
0x00007ffd813c0000 - 0x00007ffd8147f000 	C:\Windows\System32\KERNEL32.DLL
0x00007ffd7ef00000 - 0x00007ffd7f1f6000 	C:\Windows\System32\KERNELBASE.dll
0x00007ffd7f430000 - 0x00007ffd7f530000 	C:\Windows\System32\ucrtbase.dll
0x00007ffd79540000 - 0x00007ffd79557000 	C:\Users\Meghana\.p2\pool\plugins\org.eclipse.justj.openjdk.hotspot.jre.full.win32.x86_64_17.0.6.v20230204-1729\jre\bin\jli.dll
0x00007ffd71ab0000 - 0x00007ffd71ac9000 	C:\Users\Meghana\.p2\pool\plugins\org.eclipse.justj.openjdk.hotspot.jre.full.win32.x86_64_17.0.6.v20230204-1729\jre\bin\VCRUNTIME140.dll
0x00007ffd81480000 - 0x00007ffd8161d000 	C:\Windows\System32\USER32.dll
0x00007ffd7f700000 - 0x00007ffd7f722000 	C:\Windows\System32\win32u.dll
0x00007ffd7ffa0000 - 0x00007ffd7ffcc000 	C:\Windows\System32\GDI32.dll
0x00007ffd7f5e0000 - 0x00007ffd7f6f5000 	C:\Windows\System32\gdi32full.dll
0x00007ffd6fa50000 - 0x00007ffd6fcea000 	C:\Windows\WinSxS\amd64_microsoft.windows.common-controls_6595b64144ccf1df_6.0.19041.1110_none_60b5254171f9507e\COMCTL32.dll
0x00007ffd7f200000 - 0x00007ffd7f29d000 	C:\Windows\System32\msvcp_win.dll
0x00007ffd80190000 - 0x00007ffd8022e000 	C:\Windows\System32\msvcrt.dll
0x00007ffd7f790000 - 0x00007ffd7f7c0000 	C:\Windows\System32\IMM32.DLL
0x00007ffd72730000 - 0x00007ffd7273c000 	C:\Users\Meghana\.p2\pool\plugins\org.eclipse.justj.openjdk.hotspot.jre.full.win32.x86_64_17.0.6.v20230204-1729\jre\bin\vcruntime140_1.dll
0x00007ffd694a0000 - 0x00007ffd69531000 	C:\Users\Meghana\.p2\pool\plugins\org.eclipse.justj.openjdk.hotspot.jre.full.win32.x86_64_17.0.6.v20230204-1729\jre\bin\msvcp140.dll
0x00007ffd428c0000 - 0x00007ffd43507000 	C:\Users\Meghana\.p2\pool\plugins\org.eclipse.justj.openjdk.hotspot.jre.full.win32.x86_64_17.0.6.v20230204-1729\jre\bin\server\jvm.dll
0x00007ffd7ffd0000 - 0x00007ffd8007f000 	C:\Windows\System32\ADVAPI32.dll
0x00007ffd81160000 - 0x00007ffd811fc000 	C:\Windows\System32\sechost.dll
0x00007ffd81270000 - 0x00007ffd81396000 	C:\Windows\System32\RPCRT4.dll
0x00007ffd5f670000 - 0x00007ffd5f679000 	C:\Windows\SYSTEM32\WSOCK32.dll
0x00007ffd79990000 - 0x00007ffd799b7000 	C:\Windows\SYSTEM32\WINMM.dll
0x00007ffd81620000 - 0x00007ffd8168b000 	C:\Windows\System32\WS2_32.dll
0x00007ffd6d490000 - 0x00007ffd6d49a000 	C:\Windows\SYSTEM32\VERSION.dll
0x00007ffd7cc70000 - 0x00007ffd7cc82000 	C:\Windows\SYSTEM32\kernel.appcore.dll
0x00007ffd5dac0000 - 0x00007ffd5daca000 	C:\Users\Meghana\.p2\pool\plugins\org.eclipse.justj.openjdk.hotspot.jre.full.win32.x86_64_17.0.6.v20230204-1729\jre\bin\jimage.dll
0x00007ffd6b7a0000 - 0x00007ffd6b984000 	C:\Windows\SYSTEM32\DBGHELP.DLL
0x00007ffd6b390000 - 0x00007ffd6b3c4000 	C:\Windows\SYSTEM32\dbgcore.DLL
0x00007ffd7ee20000 - 0x00007ffd7eea2000 	C:\Windows\System32\bcryptPrimitives.dll
0x00007ffd5da90000 - 0x00007ffd5dab5000 	C:\Users\Meghana\.p2\pool\plugins\org.eclipse.justj.openjdk.hotspot.jre.full.win32.x86_64_17.0.6.v20230204-1729\jre\bin\java.dll
0x00007ffd5da70000 - 0x00007ffd5da88000 	C:\Users\Meghana\.p2\pool\plugins\org.eclipse.justj.openjdk.hotspot.jre.full.win32.x86_64_17.0.6.v20230204-1729\jre\bin\zip.dll
0x00007ffd80a10000 - 0x00007ffd81154000 	C:\Windows\System32\SHELL32.dll
0x00007ffd7ce70000 - 0x00007ffd7d603000 	C:\Windows\SYSTEM32\windows.storage.dll
0x00007ffd7fc40000 - 0x00007ffd7ff94000 	C:\Windows\System32\combase.dll
0x00007ffd7e730000 - 0x00007ffd7e75e000 	C:\Windows\SYSTEM32\Wldp.dll
0x00007ffd800e0000 - 0x00007ffd8018d000 	C:\Windows\System32\SHCORE.dll
0x00007ffd7f730000 - 0x00007ffd7f785000 	C:\Windows\System32\shlwapi.dll
0x00007ffd7ecf0000 - 0x00007ffd7ed0f000 	C:\Windows\SYSTEM32\profapi.dll
0x00007ffd5da50000 - 0x00007ffd5da69000 	C:\Users\Meghana\.p2\pool\plugins\org.eclipse.justj.openjdk.hotspot.jre.full.win32.x86_64_17.0.6.v20230204-1729\jre\bin\net.dll
0x00007ffd76470000 - 0x00007ffd7657a000 	C:\Windows\SYSTEM32\WINHTTP.dll
0x00007ffd7e490000 - 0x00007ffd7e4fa000 	C:\Windows\system32\mswsock.dll
0x00007ffd5da30000 - 0x00007ffd5da45000 	C:\Users\Meghana\.p2\pool\plugins\org.eclipse.justj.openjdk.hotspot.jre.full.win32.x86_64_17.0.6.v20230204-1729\jre\bin\nio.dll
0x00007ffd7e1c0000 - 0x00007ffd7e28b000 	C:\Windows\SYSTEM32\DNSAPI.dll
0x00007ffd7e180000 - 0x00007ffd7e1bc000 	C:\Windows\SYSTEM32\IPHLPAPI.DLL
0x00007ffd81260000 - 0x00007ffd81268000 	C:\Windows\System32\NSI.dll
0x00007ffd73090000 - 0x00007ffd7309a000 	C:\Windows\System32\rasadhlp.dll
0x00007ffd73280000 - 0x00007ffd73302000 	C:\Windows\System32\fwpuclnt.dll
0x00007ffd7f2a0000 - 0x00007ffd7f2c7000 	C:\Windows\System32\bcrypt.dll
0x00007ffd7e680000 - 0x00007ffd7e698000 	C:\Windows\SYSTEM32\CRYPTSP.dll
0x00007ffd7ddb0000 - 0x00007ffd7dde4000 	C:\Windows\system32\rsaenh.dll
0x00007ffd7ecb0000 - 0x00007ffd7ecde000 	C:\Windows\SYSTEM32\USERENV.dll
0x00007ffd7e6a0000 - 0x00007ffd7e6ac000 	C:\Windows\SYSTEM32\CRYPTBASE.dll
0x00007ffd74bc0000 - 0x00007ffd74bd7000 	C:\Windows\SYSTEM32\dhcpcsvc6.DLL
0x00007ffd75c20000 - 0x00007ffd75c3d000 	C:\Windows\SYSTEM32\dhcpcsvc.DLL
0x00007ffd5d280000 - 0x00007ffd5d28e000 	C:\Users\Meghana\.p2\pool\plugins\org.eclipse.justj.openjdk.hotspot.jre.full.win32.x86_64_17.0.6.v20230204-1729\jre\bin\sunmscapi.dll
0x00007ffd7f2d0000 - 0x00007ffd7f42e000 	C:\Windows\System32\CRYPT32.dll
0x00007ffd7e7a0000 - 0x00007ffd7e7c8000 	C:\Windows\SYSTEM32\ncrypt.dll
0x00007ffd7e760000 - 0x00007ffd7e79b000 	C:\Windows\SYSTEM32\NTASN1.dll
0x00007ffd5da20000 - 0x00007ffd5da30000 	C:\Users\Meghana\.p2\pool\plugins\org.eclipse.justj.openjdk.hotspot.jre.full.win32.x86_64_17.0.6.v20230204-1729\jre\bin\verify.dll

dbghelp: loaded successfully - version: 4.0.5 - missing functions: none
symbol engine: initialized successfully - sym options: 0x614 - pdb path: .;C:\Users\Meghana\.p2\pool\plugins\org.eclipse.justj.openjdk.hotspot.jre.full.win32.x86_64_17.0.6.v20230204-1729\jre\bin;C:\Windows\SYSTEM32;C:\Windows\WinSxS\amd64_microsoft.windows.common-controls_6595b64144ccf1df_6.0.19041.1110_none_60b5254171f9507e;C:\Users\Meghana\.p2\pool\plugins\org.eclipse.justj.openjdk.hotspot.jre.full.win32.x86_64_17.0.6.v20230204-1729\jre\bin\server

VM Arguments:
jvm_args: -ea -Dfile.encoding=UTF-8 -XX:+ShowCodeDetailsInExceptionMessages 
java_command: org.testng.remote.RemoteTestNG -serport 50741 -protocol json -d C:\Users\Meghana\Desktop\Programs\Programs1\Programs1\RCMA40\Frames\test-output C:\Users\Meghana\AppData\Local\Temp\testng-eclipse--715138879\testng-customsuite.xml
java_class_path (initial): C:\Users\Meghana\eclipse\java-2022-12\eclipse\configuration\org.eclipse.osgi\438\0\.cp\lib\testng-remote.jar;C:\Users\Meghana\.p2\pool\plugins\org.testng_7.4.0.r202105021533.jar;C:\Users\Meghana\.p2\pool\plugins\com.beust.jcommander_1.78.0.jar;C:\Users\Meghana\.p2\pool\plugins\org.apache-extras.beanshell.bsh_2.0.0.b6.jar;C:\Users\Meghana\.p2\pool\plugins\org.yaml.snakeyaml_1.27.0.v20221112-0806.jar;C:\Users\Meghana\.p2\pool\plugins\org.webjars.jquery_3.5.1.jar;C:\Users\Meghana\Desktop\Programs\Programs1\Programs1\RCMA40\Frames\bin;C:\Users\Meghana\Desktop\Programs\Programs1\Programs1\RCMA40\Frames\sw1\selenium-server-standalone-3.141.59.jar;C:\Users\Meghana\Downloads\poi-bin-5.2.3-20220909\poi-bin-5.2.3\auxiliary\batik-anim-1.14.jar;C:\Users\Meghana\Downloads\poi-bin-5.2.3-20220909\poi-bin-5.2.3\auxiliary\batik-awt-util-1.14.jar;C:\Users\Meghana\Downloads\poi-bin-5.2.3-20220909\poi-bin-5.2.3\auxiliary\batik-bridge-1.14.jar;C:\Users\Meghana\Downloads\poi-bin-5.2.3-20220909\poi-bin-5.2.3\auxiliary\batik-codec-1.14.jar;C:\Users\Meghana\Downloads\poi-bin-5.2.3-20220909\poi-bin-5.2.3\auxiliary\batik-constants-1.14.jar;C:\Users\Meghana\Downloads\poi-bin-5.2.3-20220909\poi-bin-5.2.3\auxiliary\batik-css-1.14.jar;C:\Users\Meghana\Downloads\poi-bin-5.2.3-20220909\poi-bin-5.2.3\auxiliary\batik-dom-1.14.jar;C:\Users\Meghana\Downloads\poi-bin-5.2.3-20220909\poi-bin-5.2.3\auxiliary\batik-ext-1.14.jar;C:\Users\Meghana\Downloads\poi-bin-5.2.3-20220909\poi-bin-5.2.3\auxiliary\batik-gvt-1.14.jar;C:\Users\Meghana\Downloads\poi-bin-5.2.3-20220909\poi-bin-5.2.3\auxiliary\batik-i18n-1.14.jar;C:\Users\Meghana\Downloads\poi-bin-5.2.3-20220909\poi-bin-5.2.3\auxiliary\batik-parser-1.14.jar;C:\Users\Meghana\Downloads\poi-bin-5.2.3-20220909\poi-bin-5.2.3\auxiliary\batik-script-1.14.jar;C:\Users\Meghana\Downloads\poi-bin-5.2.3-20220909\poi-bin-5.2.3\auxiliary\batik-shared-resources-1.14.jar;C:\Users\Meghana\Downloads\poi-bin-5.2.3-20220909\poi-bin-5.2.3\auxiliary\ba
Launcher Type: SUN_STANDARD

[Global flags]
     intx CICompilerCount                          = 3                                         {product} {ergonomic}
     uint ConcGCThreads                            = 1                                         {product} {ergonomic}
     uint G1ConcRefinementThreads                  = 4                                         {product} {ergonomic}
   size_t G1HeapRegionSize                         = 1048576                                   {product} {ergonomic}
    uintx GCDrainStackTargetSize                   = 64                                        {product} {ergonomic}
   size_t InitialHeapSize                          = 67108864                                  {product} {ergonomic}
   size_t MarkStackSize                            = 4194304                                   {product} {ergonomic}
   size_t MaxHeapSize                              = 1050673152                                {product} {ergonomic}
   size_t MaxNewSize                               = 630194176                                 {product} {ergonomic}
   size_t MinHeapDeltaBytes                        = 1048576                                   {product} {ergonomic}
   size_t MinHeapSize                              = 8388608                                   {product} {ergonomic}
    uintx NonNMethodCodeHeapSize                   = 5832780                                {pd product} {ergonomic}
    uintx NonProfiledCodeHeapSize                  = 122912730                              {pd product} {ergonomic}
    uintx ProfiledCodeHeapSize                     = 122912730                              {pd product} {ergonomic}
    uintx ReservedCodeCacheSize                    = 251658240                              {pd product} {ergonomic}
     bool SegmentedCodeCache                       = true                                      {product} {ergonomic}
     bool ShowCodeDetailsInExceptionMessages       = true                                   {manageable} {command line}
   size_t SoftMaxHeapSize                          = 1050673152                             {manageable} {ergonomic}
     bool UseCompressedClassPointers               = true                           {product lp64_product} {ergonomic}
     bool UseCompressedOops                        = true                           {product lp64_product} {ergonomic}
     bool UseG1GC                                  = true                                      {product} {ergonomic}
     bool UseLargePagesIndividualAllocation        = false                                  {pd product} {ergonomic}

Logging:
Log output configuration:
 #0: stdout all=warning uptime,level,tags
 #1: stderr all=off uptime,level,tags

Environment Variables:
PATH=C:/Users/Meghana/.p2/pool/plugins/org.eclipse.justj.openjdk.hotspot.jre.full.win32.x86_64_17.0.6.v20230204-1729/jre/bin/server;C:/Users/Meghana/.p2/pool/plugins/org.eclipse.justj.openjdk.hotspot.jre.full.win32.x86_64_17.0.6.v20230204-1729/jre/bin;C:\Program Files (x86)\Java\jdk1.8.0_202\bin;C:\Program Files\nodejs\;C:\Users\Meghana\AppData\Local\Microsoft\WindowsApps;C:\Windows\system32;C:\Windows;C:\WindowsSystem32]Wbem;C:\Users\Meghana\AppData\Roaming\npm;C:\Windows\System32;
USERNAME=Meghana
OS=Windows_NT
PROCESSOR_IDENTIFIER=Intel64 Family 6 Model 61 Stepping 4, GenuineIntel
TMP=C:\Users\Meghana\AppData\Local\Temp
TEMP=C:\Users\Meghana\AppData\Local\Temp



---------------  S Y S T E M  ---------------

OS:
 Windows 10 , 64 bit Build 19041 (10.0.19041.2913)
OS uptime: 0 days 4:14 hours

CPU: total 4 (initial active 4) (2 cores per cpu, 2 threads per core) family 6 model 61 stepping 4 microcode 0x2d, cx8, cmov, fxsr, ht, mmx, 3dnowpref, sse, sse2, sse3, ssse3, sse4.1, sse4.2, popcnt, lzcnt, tsc, tscinvbit, avx, avx2, aes, erms, clmul, bmi1, bmi2, adx, fma, vzeroupper, clflush

Memory: 4k page, system-wide physical 4007M (535M free)
TotalPageFile size 5507M (AvailPageFile size 54M)
current process WorkingSet (physical memory assigned to process): 90M, peak: 96M
current process commit charge ("private bytes"): 141M, peak: 159M

vm_info: OpenJDK 64-Bit Server VM (17.0.6+10) for windows-amd64 JRE (17.0.6+10), built on Jan 18 2023 10:08:59 by "temurin" with MS VC++ 16.7 (VS2019)

END.
